<?xml version="1.0" encoding="UTF-8"?>
<!-- Generated by org.testng.reporters.JUnitReportReporter -->
<testsuite skipped="0" hostname="DESKTOP-KRLAL0I" name="com.testng.Ecommerce.TC_001" tests="1" failures="0" timestamp="29 Apr 2019 12:52:14 GMT" time="34.682" errors="0">
  <testcase name="amazon" time="34.682" classname="com.testng.Ecommerce.TC_001"/>
</testsuite> <!-- com.testng.Ecommerce.TC_001 -->
