<?xml version="1.0" encoding="UTF-8"?>
<!-- Generated by org.testng.reporters.JUnitReportReporter -->
<testsuite skipped="0" hostname="DESKTOP-AA4AD8I" name="pageobjectmodel.Login" tests="2" failures="0" timestamp="11 Jun 2019 13:46:17 GMT" time="55.224" errors="0">
  <testcase name="login" time="18.891" classname="pageobjectmodel.Login"/>
  <testcase name="registration" time="36.333" classname="pageobjectmodel.Login"/>
</testsuite> <!-- pageobjectmodel.Login -->
