<?xml version="1.0" encoding="UTF-8"?>
<!-- Generated by org.testng.reporters.JUnitReportReporter -->
<testsuite skipped="0" hostname="DESKTOP-KRLAL0I" name="com.testng.Ecommerce.RadioButton1" tests="1" failures="0" timestamp="23 Apr 2019 01:00:53 GMT" time="10.121" errors="0">
  <testcase name="RadioButtonTest" time="10.121" classname="com.testng.Ecommerce.RadioButton1"/>
</testsuite> <!-- com.testng.Ecommerce.RadioButton1 -->
