<?xml version="1.0" encoding="UTF-8"?>
<!-- Generated by org.testng.reporters.JUnitReportReporter -->
<testsuite skipped="0" hostname="DESKTOP-KRLAL0I" name="exceldataAPIS.TC_003" tests="3" failures="0" timestamp="17 May 2019 01:24:34 GMT" time="0.054" errors="0">
  <testcase name="f" time="0.007" classname="exceldataAPIS.TC_003"/>
  <testcase name="f" time="0.016" classname="exceldataAPIS.TC_003"/>
  <testcase name="f" time="0.031" classname="exceldataAPIS.TC_003"/>
</testsuite> <!-- exceldataAPIS.TC_003 -->
