<?xml version="1.0" encoding="UTF-8"?>
<!-- Generated by org.testng.reporters.JUnitReportReporter -->
<testsuite skipped="0" hostname="DESKTOP-KRLAL0I" name="suiteC.TestC3" tests="1" failures="0" timestamp="23 Apr 2019 01:33:29 GMT" time="5.012" errors="0">
  <testcase name="testC3" time="5.012" classname="suiteC.TestC3"/>
</testsuite> <!-- suiteC.TestC3 -->
