<?xml version="1.0" encoding="UTF-8"?>
<!-- Generated by org.testng.reporters.JUnitReportReporter -->
<testsuite skipped="0" hostname="DESKTOP-KRLAL0I" name="com.testng.Ecommerce.LinksTesting1" tests="1" failures="0" timestamp="23 Apr 2019 00:57:44 GMT" time="7.592" errors="0">
  <testcase name="linktesting1" time="7.592" classname="com.testng.Ecommerce.LinksTesting1"/>
</testsuite> <!-- com.testng.Ecommerce.LinksTesting1 -->
