<?xml version="1.0" encoding="UTF-8"?>
<!-- Generated by org.testng.reporters.JUnitReportReporter -->
<testsuite skipped="0" hostname="DESKTOP-KRLAL0I" name="com.testng.Ecommerce.CheckBox1" tests="1" failures="0" timestamp="23 Apr 2019 01:00:53 GMT" time="10.526" errors="0">
  <testcase name="checkboxTest" time="10.526" classname="com.testng.Ecommerce.CheckBox1"/>
</testsuite> <!-- com.testng.Ecommerce.CheckBox1 -->
