<?xml version="1.0" encoding="UTF-8"?>
<!-- Generated by org.testng.reporters.JUnitReportReporter -->
<testsuite skipped="0" hostname="DESKTOP-KRLAL0I" name="exceldataAPIS.TestA" tests="3" failures="0" timestamp="27 May 2019 14:14:05 GMT" time="0.038" errors="0">
  <testcase name="testA" time="0.025" classname="exceldataAPIS.TestA"/>
  <testcase name="testA" time="0.003" classname="exceldataAPIS.TestA"/>
  <testcase name="testA" time="0.010" classname="exceldataAPIS.TestA"/>
</testsuite> <!-- exceldataAPIS.TestA -->
