<?xml version="1.0" encoding="UTF-8"?>
<!-- Generated by org.testng.reporters.JUnitReportReporter -->
<testsuite skipped="7" hostname="DESKTOP-KRLAL0I" name="actionsAndJavaScriptExecutors.MouseOperations" tests="8" failures="0" timestamp="09 May 2019 01:18:52 GMT" time="30.309" errors="0">
  <testcase name="Browserslider" time="30.309" classname="actionsAndJavaScriptExecutors.MouseOperations"/>
  <testcase name="clickAndHoldMethod" classname="actionsAndJavaScriptExecutors.MouseOperations">
    <skipped/>
  </testcase> <!-- clickAndHoldMethod -->
  <testcase name="dragAnddrop" classname="actionsAndJavaScriptExecutors.MouseOperations">
    <skipped/>
  </testcase> <!-- dragAnddrop -->
  <testcase name="MoveToelement" classname="actionsAndJavaScriptExecutors.MouseOperations">
    <skipped/>
  </testcase> <!-- MoveToelement -->
  <testcase name="resizeMethod" classname="actionsAndJavaScriptExecutors.MouseOperations">
    <skipped/>
  </testcase> <!-- resizeMethod -->
  <testcase name="slider" classname="actionsAndJavaScriptExecutors.MouseOperations">
    <skipped/>
  </testcase> <!-- slider -->
  <testcase name="autoSuggestion" classname="actionsAndJavaScriptExecutors.MouseOperations">
    <skipped/>
  </testcase> <!-- autoSuggestion -->
  <testcase name="rightClickMethod" classname="actionsAndJavaScriptExecutors.MouseOperations">
    <skipped/>
  </testcase> <!-- rightClickMethod -->
</testsuite> <!-- actionsAndJavaScriptExecutors.MouseOperations -->
