<?xml version="1.0" encoding="UTF-8"?>
<!-- Generated by org.testng.reporters.JUnitReportReporter -->
<testsuite skipped="0" hostname="DESKTOP-KRLAL0I" name="webtables.WebTables" tests="1" failures="0" timestamp="02 May 2019 01:02:32 GMT" time="44.645" errors="0">
  <testcase name="dynamicTable" time="44.645" classname="webtables.WebTables"/>
</testsuite> <!-- webtables.WebTables -->
